#                        Indx Prob Pred     X        Y       Z    | LogP profile                                                 | TPSA profile
./example/motifsite/148lE   1 0.58 *      7.859   49.421   38.408 |  0.12 0.97 0.28 0.97 1.00 0.93 1.00 0.99 0.99 1.00 1.00 0.72 |  0.04 0.47 0.90 0.98 0.97 0.93 0.82 0.56 0.38 0.18 0.08
./example/motifsite/148lE   2 0.04        6.102   57.463   52.649 |  0.16 0.11 0.20 0.74 0.87 0.91 0.69 0.99 1.00 1.00 0.86 0.30 |  0.04 0.12 0.82 0.95 0.94 0.83 0.74 0.30 0.23 0.40 0.18
./example/motifsite/148lE   3 0.07       11.043   54.030   51.683 |  0.18 0.14 0.13 0.95 0.93 0.98 0.99 0.97 1.00 0.93 0.87 0.21 |  0.04 0.14 0.68 0.91 0.93 0.77 0.60 0.91 0.87 0.88 0.25
./example/motifsite/148lE   4 0.06       -0.281   55.796   39.165 |  0.14 0.57 0.14 0.72 0.99 0.82 0.87 0.93 1.00 0.97 0.55 0.17 |  0.03 0.11 0.90 0.99 0.99 0.72 0.25 0.34 0.28 0.16 0.04
./example/motifsite/148lE   5 0.14       13.884   54.299   29.255 |  0.49 0.15 0.11 0.76 0.99 1.00 0.99 1.00 1.00 1.00 0.70 0.35 |  0.13 0.17 0.24 0.41 0.39 0.38 0.33 0.72 0.96 0.95 0.49
./example/motifsite/148lE   6 0.10        2.195   34.566   31.449 |  0.10 0.26 0.25 0.89 0.78 0.82 0.91 0.87 0.97 0.75 0.44 0.10 |  0.03 0.08 0.82 0.96 0.97 0.63 0.51 0.43 0.47 0.36 0.03
./example/motifsite/148lE   7 0.03       17.025   49.188   20.954 |  0.10 0.15 0.15 0.31 0.50 0.93 0.94 0.73 1.00 0.99 0.82 0.24 |  0.05 0.13 0.44 0.74 0.90 0.87 0.74 0.92 0.78 0.85 0.24
./example/motifsite/148lE   8 0.07        9.734   43.062   15.542 |  0.19 0.17 0.17 0.88 0.89 0.86 0.95 0.83 1.00 0.87 0.38 0.12 |  0.03 0.08 0.94 0.99 0.99 0.74 0.39 0.24 0.23 0.12 0.04
./example/motifsite/148lE   9 0.06       23.791   40.102   29.332 |  0.10 0.12 0.31 0.51 0.61 0.77 1.00 0.81 0.97 0.98 0.85 0.36 |  0.04 0.18 0.95 0.98 0.98 0.84 0.71 0.27 0.26 0.13 0.05
./example/motifsite/148lE  10 0.06       18.626   46.371   40.319 |  0.15 0.51 0.24 0.99 0.91 0.64 0.90 1.00 0.99 0.77 0.18 0.11 |  0.05 0.22 0.32 0.91 0.96 0.92 0.92 0.60 0.50 0.62 0.42
./example/motifsite/148lE  11 0.05       22.089   36.771   36.343 |  0.21 0.12 0.17 0.83 0.82 0.92 0.95 0.89 1.00 0.86 0.41 0.12 |  0.03 0.08 0.81 0.97 0.97 0.69 0.45 0.40 0.40 0.29 0.03

#LogP bins: (25,250,25)
#TPSA bins: (-5,5,1)
#   -5  -4  -3  -2  -1   0   1   2   3   4   5   |   25  50  75 100 125 150 175 200 225 250
 1 |       *       *   *   *   *   *   *   *   * |                 *   *   *                 
 2 |                       *       *   *   *     |                 *   *                     
 3 |               *   *   *   *   *   *   *     |                 *   *           *         
 4 |                   *           *   *   *     |                 *   *                     
 5 |                   *   *   *   *   *   *     |                                     *   * 
 6 |                           *       *         |                 *   *                     
 7 |                       *   *       *   *     |                                 *         
 8 |                           *       *         |             *   *   *                     
 9 |                           *       *   *     |             *   *   *                     
10 |               *   *       *   *   *         |                 *   *   *   *             
11 |                       *   *       *         |                 *   *                     
